Determining if the pthread_create exist failed with the following output:
Change Dir: /home/chengli/下载/SFM_example-master/src/build/CMakeFiles/CMakeTmp

Run Build Command:"/usr/bin/make" "cmTC_8344c/fast"
/usr/bin/make -f CMakeFiles/cmTC_8344c.dir/build.make CMakeFiles/cmTC_8344c.dir/build
make[1]: Entering directory '/home/chengli/下载/SFM_example-master/src/build/CMakeFiles/CMakeTmp'
Building C object CMakeFiles/cmTC_8344c.dir/CheckSymbolExists.c.o
/usr/bin/cc     -o CMakeFiles/cmTC_8344c.dir/CheckSymbolExists.c.o   -c /home/chengli/下载/SFM_example-master/src/build/CMakeFiles/CMakeTmp/CheckSymbolExists.c
Linking C executable cmTC_8344c
/usr/bin/cmake -E cmake_link_script CMakeFiles/cmTC_8344c.dir/link.txt --verbose=1
/usr/bin/cc       CMakeFiles/cmTC_8344c.dir/CheckSymbolExists.c.o  -o cmTC_8344c -rdynamic 
CMakeFiles/cmTC_8344c.dir/CheckSymbolExists.c.o：在函数‘main’中：
CheckSymbolExists.c:(.text+0x16)：对‘pthread_create’未定义的引用
collect2: error: ld returned 1 exit status
CMakeFiles/cmTC_8344c.dir/build.make:97: recipe for target 'cmTC_8344c' failed
make[1]: *** [cmTC_8344c] Error 1
make[1]: Leaving directory '/home/chengli/下载/SFM_example-master/src/build/CMakeFiles/CMakeTmp'
Makefile:126: recipe for target 'cmTC_8344c/fast' failed
make: *** [cmTC_8344c/fast] Error 2

File /home/chengli/下载/SFM_example-master/src/build/CMakeFiles/CMakeTmp/CheckSymbolExists.c:
/* */
#include <pthread.h>

int main(int argc, char** argv)
{
  (void)argv;
#ifndef pthread_create
  return ((int*)(&pthread_create))[argc];
#else
  (void)argc;
  return 0;
#endif
}

Determining if the function pthread_create exists in the pthreads failed with the following output:
Change Dir: /home/chengli/下载/SFM_example-master/src/build/CMakeFiles/CMakeTmp

Run Build Command:"/usr/bin/make" "cmTC_03260/fast"
/usr/bin/make -f CMakeFiles/cmTC_03260.dir/build.make CMakeFiles/cmTC_03260.dir/build
make[1]: Entering directory '/home/chengli/下载/SFM_example-master/src/build/CMakeFiles/CMakeTmp'
Building C object CMakeFiles/cmTC_03260.dir/CheckFunctionExists.c.o
/usr/bin/cc    -DCHECK_FUNCTION_EXISTS=pthread_create   -o CMakeFiles/cmTC_03260.dir/CheckFunctionExists.c.o   -c /usr/share/cmake-3.5/Modules/CheckFunctionExists.c
Linking C executable cmTC_03260
/usr/bin/cmake -E cmake_link_script CMakeFiles/cmTC_03260.dir/link.txt --verbose=1
/usr/bin/cc   -DCHECK_FUNCTION_EXISTS=pthread_create    CMakeFiles/cmTC_03260.dir/CheckFunctionExists.c.o  -o cmTC_03260 -rdynamic -lpthreads 
/usr/bin/ld: 找不到 -lpthreads
collect2: error: ld returned 1 exit status
CMakeFiles/cmTC_03260.dir/build.make:97: recipe for target 'cmTC_03260' failed
make[1]: *** [cmTC_03260] Error 1
make[1]: Leaving directory '/home/chengli/下载/SFM_example-master/src/build/CMakeFiles/CMakeTmp'
Makefile:126: recipe for target 'cmTC_03260/fast' failed
make: *** [cmTC_03260/fast] Error 2


